2026-03-27 16:35:39,050 [INFO] Scraped price: 51.77
2026-03-27 16:35:52,800 [INFO] Price unchanged
2026-03-27 16:35:52,805 [INFO] Adding job tentatively -- it will be properly scheduled when the scheduler starts
2026-03-27 16:35:52,808 [INFO] Added job "run_price_check" to job store "default"
2026-03-27 16:35:52,808 [INFO] Scheduler started
2026-03-27 16:59:36,620 [INFO] Scraped price: 51.77
2026-03-27 16:59:40,065 [INFO] Price unchanged
2026-03-27 16:59:52,089 [ERROR] Playwright error: could not convert string to float: 'Rs. 380'
2026-03-27 16:59:52,089 [ERROR] Failed to get price
2026-03-27 16:59:52,095 [INFO] Adding job tentatively -- it will be properly scheduled when the scheduler starts
2026-03-27 16:59:52,101 [INFO] Added job "run_price_check" to job store "default"
2026-03-27 16:59:52,101 [INFO] Scheduler started
2026-03-27 17:01:29,365 [INFO] Scraped price: 51.77
2026-03-27 17:01:31,789 [INFO] Price unchanged
2026-03-27 17:01:36,414 [INFO] Playwright scraped price: 380.0
2026-03-27 17:01:38,054 [INFO] New price stored: 380.0
2026-03-27 17:01:38,815 [INFO] Adding job tentatively -- it will be properly scheduled when the scheduler starts
2026-03-27 17:01:38,818 [INFO] Added job "run_price_check" to job store "default"
2026-03-27 17:01:38,818 [INFO] Scheduler started
2026-03-27 17:03:11,108 [INFO] Scraped price: 51.77
2026-03-27 17:03:13,628 [INFO] Price unchanged
2026-03-27 17:03:18,667 [INFO] Playwright scraped price: 380.0
2026-03-27 17:03:19,444 [INFO] Price unchanged
2026-03-27 17:03:19,448 [INFO] Adding job tentatively -- it will be properly scheduled when the scheduler starts
2026-03-27 17:03:19,451 [INFO] Added job "run_price_check" to job store "default"
2026-03-27 17:03:19,452 [INFO] Scheduler started
2026-03-27 17:03:58,622 [INFO] Scraped price: 51.77
2026-03-27 17:04:02,352 [INFO] Price unchanged
2026-03-27 17:04:07,839 [INFO] Playwright scraped price: 380.0
2026-03-27 17:04:08,610 [INFO] Price unchanged
2026-03-27 17:04:08,615 [INFO] Adding job tentatively -- it will be properly scheduled when the scheduler starts
2026-03-27 17:04:08,619 [INFO] Added job "run_price_check" to job store "default"
2026-03-27 17:04:08,619 [INFO] Scheduler started
2026-03-27 17:05:13,383 [INFO] Scraped price: 51.77
2026-03-27 17:05:15,580 [INFO] Price unchanged
2026-03-27 17:05:20,226 [INFO] Playwright scraped price: 380.0
2026-03-27 17:05:29,064 [INFO] New price stored: 380.0
2026-03-27 17:05:33,782 [INFO] Adding job tentatively -- it will be properly scheduled when the scheduler starts
2026-03-27 17:05:33,785 [INFO] Added job "run_price_check" to job store "default"
2026-03-27 17:05:33,785 [INFO] Scheduler started
